TN:
SF:script/EnergyBiddingMarket.s.sol
FN:10,DeployerEnergyBiddingMarket.run
FNDA:15,DeployerEnergyBiddingMarket.run
DA:11,15
DA:11,15
DA:12,15
DA:12,15
DA:14,15
DA:14,15
DA:15,15
DA:15,15
DA:16,15
DA:16,15
DA:17,15
DA:17,15
DA:19,15
DA:19,15
FNF:1
FNH:1
LF:7
LH:7
BRF:0
BRH:0
end_of_record
TN:
SF:src/EnergyBiddingMarket.sol
FN:61,EnergyBiddingMarket.placeBid
FNDA:10057,EnergyBiddingMarket.placeBid
DA:62,10057
DA:62,10057
DA:62,10057
DA:62,10057
DA:62,10056
BRDA:62,0,0,2
BRDA:62,0,1,10055
DA:63,2
DA:63,2
DA:65,10055
DA:65,10055
BRDA:65,1,0,1
BRDA:65,1,1,10054
DA:66,1
DA:66,1
DA:68,10054
DA:68,10054
BRDA:68,2,0,1
BRDA:68,2,1,10053
DA:69,1
DA:69,1
DA:71,10053
BRDA:71,3,0,-
BRDA:71,3,1,10053
DA:72,0
DA:72,0
DA:75,10053
DA:75,10053
DA:76,10053
DA:76,10053
DA:77,10053
DA:77,10053
FN:80,EnergyBiddingMarket.placeAsk
FNDA:10055,EnergyBiddingMarket.placeAsk
DA:81,10055
DA:81,10055
DA:81,10055
DA:81,10055
DA:81,10054
BRDA:81,4,0,1
BRDA:81,4,1,10054
DA:82,1
DA:82,1
DA:84,10054
BRDA:84,5,0,-
BRDA:84,5,1,10054
DA:85,0
DA:85,0
DA:87,10054
DA:87,10054
BRDA:87,6,0,1
BRDA:87,6,1,10053
DA:88,1
DA:88,1
DA:90,10053
DA:90,10053
DA:91,10053
DA:91,10053
DA:92,10053
DA:92,10053
FN:95,EnergyBiddingMarket.claimBalance
FNDA:1,EnergyBiddingMarket.claimBalance
DA:96,1
DA:96,1
DA:97,1
DA:97,1
BRDA:97,7,0,1
BRDA:97,7,1,-
DA:98,1
DA:98,1
DA:99,0
DA:99,0
DA:100,0
DA:100,0
FN:103,EnergyBiddingMarket.clearMarket
FNDA:6,EnergyBiddingMarket.clearMarket
DA:105,6
DA:105,6
DA:105,6
DA:105,4
BRDA:105,8,0,3
BRDA:105,8,1,3
DA:106,3
DA:106,3
DA:107,3
BRDA:107,9,0,-
BRDA:107,9,1,3
DA:108,0
DA:108,0
DA:110,3
DA:110,3
DA:111,3
DA:111,3
DA:113,3
DA:113,3
DA:113,3
DA:115,3
DA:115,3
DA:117,3
DA:117,3
DA:117,10054
DA:117,10051
DA:118,10051
DA:118,10051
DA:119,10051
DA:119,10051
BRDA:119,10,0,-
BRDA:119,10,1,10051
DA:120,0
DA:120,0
DA:122,10051
DA:122,10051
DA:124,10051
DA:124,10051
DA:124,20057
DA:124,10006
DA:125,17125
DA:125,17125
DA:126,17125
DA:126,17125
DA:126,17125
DA:127,17125
DA:127,17125
DA:127,17125
BRDA:127,11,0,4
BRDA:127,11,1,10006
DA:128,10010
DA:128,10010
DA:129,10010
DA:129,10010
DA:130,10010
DA:130,10010
DA:132,10010
DA:132,10010
DA:133,10010
DA:133,10010
DA:134,10010
DA:134,10010
DA:135,10010
DA:135,10010
BRDA:135,12,0,4
BRDA:135,12,1,10006
DA:136,4
DA:136,4
DA:138,7115
DA:138,7115
DA:140,7115
DA:140,7115
DA:141,7115
DA:141,7115
DA:142,7115
DA:142,7115
DA:148,10051
DA:148,10051
DA:150,10051
DA:150,10051
DA:151,10051
DA:151,10051
DA:154,3
DA:154,3
DA:155,3
DA:155,3
FN:169,EnergyBiddingMarket.balanceOf
FNDA:0,EnergyBiddingMarket.balanceOf
DA:170,0
DA:170,0
FN:173,EnergyBiddingMarket.sortBids
FNDA:3,EnergyBiddingMarket.sortBids
DA:175,3
DA:175,3
DA:175,10051
DA:175,10048
DA:176,10048
DA:176,10048
DA:177,10048
DA:177,10048
DA:177,10048
DA:178,10048
DA:178,10048
DA:179,0
DA:179,0
DA:180,0
DA:180,0
DA:182,10048
DA:182,10048
FN:186,EnergyBiddingMarket.determineClearingPrice
FNDA:3,EnergyBiddingMarket.determineClearingPrice
DA:187,3
DA:187,3
DA:189,3
DA:189,3
DA:190,3
DA:190,3
DA:193,3
DA:193,3
DA:193,7122
DA:193,7119
DA:195,7120
DA:195,7120
DA:199,7120
DA:199,7120
BRDA:199,13,0,-
BRDA:199,13,1,1
DA:200,1
DA:200,1
BRDA:200,14,0,-
BRDA:200,14,1,1
DA:201,0
DA:201,0
DA:203,1
DA:203,1
DA:209,2
DA:209,2
FNF:7
FNH:6
LF:77
LH:67
BRF:30
BRH:23
end_of_record
TN:
SF:src/token/EURC.sol
FN:10,EURC.mint
FNDA:15,EURC.mint
DA:11,15
DA:11,15
FNF:1
FNH:1
LF:1
LH:1
BRF:0
BRH:0
end_of_record
